ERROR - 2023-12-27 02:56:49 --> Error connecting to the database: mysqli_sql_exception: No connection could be made because the target machine actively refused it.
 in C:\xampp\htdocs\k-nn\system\Database\MySQLi\Connection.php:185
Stack trace:
#0 C:\xampp\htdocs\k-nn\system\Database\MySQLi\Connection.php(185): mysqli->real_connect('localhost', 'root', '', 'datamining_knn', 3306, '', 0)
#1 C:\xampp\htdocs\k-nn\system\Database\BaseConnection.php(391): CodeIgniter\Database\MySQLi\Connection->connect(false)
#2 C:\xampp\htdocs\k-nn\system\Database\BaseConnection.php(574): CodeIgniter\Database\BaseConnection->initialize()
#3 C:\xampp\htdocs\k-nn\system\Database\BaseBuilder.php(1615): CodeIgniter\Database\BaseConnection->query('SELECT `dataset...', Array, false)
#4 C:\xampp\htdocs\k-nn\system\Model.php(237): CodeIgniter\Database\BaseBuilder->get()
#5 C:\xampp\htdocs\k-nn\system\BaseModel.php(624): CodeIgniter\Model->doFindAll(0, 0)
#6 C:\xampp\htdocs\k-nn\app\Models\DatasetModel.php(47): CodeIgniter\BaseModel->findAll()
#7 C:\xampp\htdocs\k-nn\app\Controllers\Home.php(24): App\Models\DatasetModel->getDataWithKelass()
#8 C:\xampp\htdocs\k-nn\system\CodeIgniter.php(919): App\Controllers\Home->index()
#9 C:\xampp\htdocs\k-nn\system\CodeIgniter.php(494): CodeIgniter\CodeIgniter->runController(Object(App\Controllers\Home))
#10 C:\xampp\htdocs\k-nn\system\CodeIgniter.php(353): CodeIgniter\CodeIgniter->handleRequest(NULL, Object(Config\Cache), false)
#11 C:\xampp\htdocs\k-nn\public\index.php(79): CodeIgniter\CodeIgniter->run()
#12 C:\xampp\htdocs\k-nn\system\Commands\Server\rewrite.php(47): require_once('C:\\xampp\\htdocs...')
#13 {main}

Next CodeIgniter\Database\Exceptions\DatabaseException: No connection could be made because the target machine actively refused it.
 in C:\xampp\htdocs\k-nn\system\Database\MySQLi\Connection.php:229
Stack trace:
#0 C:\xampp\htdocs\k-nn\system\Database\BaseConnection.php(391): CodeIgniter\Database\MySQLi\Connection->connect(false)
#1 C:\xampp\htdocs\k-nn\system\Database\BaseConnection.php(574): CodeIgniter\Database\BaseConnection->initialize()
#2 C:\xampp\htdocs\k-nn\system\Database\BaseBuilder.php(1615): CodeIgniter\Database\BaseConnection->query('SELECT `dataset...', Array, false)
#3 C:\xampp\htdocs\k-nn\system\Model.php(237): CodeIgniter\Database\BaseBuilder->get()
#4 C:\xampp\htdocs\k-nn\system\BaseModel.php(624): CodeIgniter\Model->doFindAll(0, 0)
#5 C:\xampp\htdocs\k-nn\app\Models\DatasetModel.php(47): CodeIgniter\BaseModel->findAll()
#6 C:\xampp\htdocs\k-nn\app\Controllers\Home.php(24): App\Models\DatasetModel->getDataWithKelass()
#7 C:\xampp\htdocs\k-nn\system\CodeIgniter.php(919): App\Controllers\Home->index()
#8 C:\xampp\htdocs\k-nn\system\CodeIgniter.php(494): CodeIgniter\CodeIgniter->runController(Object(App\Controllers\Home))
#9 C:\xampp\htdocs\k-nn\system\CodeIgniter.php(353): CodeIgniter\CodeIgniter->handleRequest(NULL, Object(Config\Cache), false)
#10 C:\xampp\htdocs\k-nn\public\index.php(79): CodeIgniter\CodeIgniter->run()
#11 C:\xampp\htdocs\k-nn\system\Commands\Server\rewrite.php(47): require_once('C:\\xampp\\htdocs...')
#12 {main}
CRITICAL - 2023-12-27 02:56:49 --> Unable to connect to the database.
Main connection [MySQLi]: No connection could be made because the target machine actively refused it.

in SYSTEMPATH\Database\BaseConnection.php on line 427.
 1 SYSTEMPATH\Database\BaseConnection.php(574): CodeIgniter\Database\BaseConnection->initialize()
 2 SYSTEMPATH\Database\BaseBuilder.php(1615): CodeIgniter\Database\BaseConnection->query('SELECT `dataset`.`iddataset`, `dataset`.`sepal_length`, `dataset`.`sepal_width`, `petal_length`, `petal_width`, `kelas`.`kelas`, `jenisdata`.`jenis`
FROM `dataset`
JOIN `kelas` ON `kelas`.`idkelas` = `dataset`.`idkelas`
JOIN `jenisdata` ON `jenisdata`.`idjenis` = `dataset`.`idjenis`
WHERE `jenisdata`.`idjenis` = :jenisdata.idjenis:', [...], false)
 3 SYSTEMPATH\Model.php(237): CodeIgniter\Database\BaseBuilder->get()
 4 SYSTEMPATH\BaseModel.php(624): CodeIgniter\Model->doFindAll(0, 0)
 5 APPPATH\Models\DatasetModel.php(47): CodeIgniter\BaseModel->findAll()
 6 APPPATH\Controllers\Home.php(24): App\Models\DatasetModel->getDataWithKelass()
 7 SYSTEMPATH\CodeIgniter.php(919): App\Controllers\Home->index()
 8 SYSTEMPATH\CodeIgniter.php(494): CodeIgniter\CodeIgniter->runController(Object(App\Controllers\Home))
 9 SYSTEMPATH\CodeIgniter.php(353): CodeIgniter\CodeIgniter->handleRequest(null, Object(Config\Cache), false)
10 FCPATH\index.php(79): CodeIgniter\CodeIgniter->run()
11 SYSTEMPATH\Commands\Server\rewrite.php(47): require_once('C:\\xampp\\htdocs\\k-nn\\public\\index.php')
ERROR - 2023-12-27 02:57:27 --> Error connecting to the database: mysqli_sql_exception: No connection could be made because the target machine actively refused it.
 in C:\xampp\htdocs\k-nn\system\Database\MySQLi\Connection.php:185
Stack trace:
#0 C:\xampp\htdocs\k-nn\system\Database\MySQLi\Connection.php(185): mysqli->real_connect('localhost', 'root', '', 'datamining_knn', 3306, '', 0)
#1 C:\xampp\htdocs\k-nn\system\Database\BaseConnection.php(391): CodeIgniter\Database\MySQLi\Connection->connect(false)
#2 C:\xampp\htdocs\k-nn\system\Database\BaseConnection.php(574): CodeIgniter\Database\BaseConnection->initialize()
#3 C:\xampp\htdocs\k-nn\system\Database\BaseBuilder.php(1615): CodeIgniter\Database\BaseConnection->query('SELECT `dataset...', Array, false)
#4 C:\xampp\htdocs\k-nn\system\Model.php(237): CodeIgniter\Database\BaseBuilder->get()
#5 C:\xampp\htdocs\k-nn\system\BaseModel.php(624): CodeIgniter\Model->doFindAll(0, 0)
#6 C:\xampp\htdocs\k-nn\app\Models\DatasetModel.php(47): CodeIgniter\BaseModel->findAll()
#7 C:\xampp\htdocs\k-nn\app\Controllers\Home.php(24): App\Models\DatasetModel->getDataWithKelass()
#8 C:\xampp\htdocs\k-nn\system\CodeIgniter.php(919): App\Controllers\Home->index()
#9 C:\xampp\htdocs\k-nn\system\CodeIgniter.php(494): CodeIgniter\CodeIgniter->runController(Object(App\Controllers\Home))
#10 C:\xampp\htdocs\k-nn\system\CodeIgniter.php(353): CodeIgniter\CodeIgniter->handleRequest(NULL, Object(Config\Cache), false)
#11 C:\xampp\htdocs\k-nn\public\index.php(79): CodeIgniter\CodeIgniter->run()
#12 C:\xampp\htdocs\k-nn\system\Commands\Server\rewrite.php(47): require_once('C:\\xampp\\htdocs...')
#13 {main}

Next CodeIgniter\Database\Exceptions\DatabaseException: No connection could be made because the target machine actively refused it.
 in C:\xampp\htdocs\k-nn\system\Database\MySQLi\Connection.php:229
Stack trace:
#0 C:\xampp\htdocs\k-nn\system\Database\BaseConnection.php(391): CodeIgniter\Database\MySQLi\Connection->connect(false)
#1 C:\xampp\htdocs\k-nn\system\Database\BaseConnection.php(574): CodeIgniter\Database\BaseConnection->initialize()
#2 C:\xampp\htdocs\k-nn\system\Database\BaseBuilder.php(1615): CodeIgniter\Database\BaseConnection->query('SELECT `dataset...', Array, false)
#3 C:\xampp\htdocs\k-nn\system\Model.php(237): CodeIgniter\Database\BaseBuilder->get()
#4 C:\xampp\htdocs\k-nn\system\BaseModel.php(624): CodeIgniter\Model->doFindAll(0, 0)
#5 C:\xampp\htdocs\k-nn\app\Models\DatasetModel.php(47): CodeIgniter\BaseModel->findAll()
#6 C:\xampp\htdocs\k-nn\app\Controllers\Home.php(24): App\Models\DatasetModel->getDataWithKelass()
#7 C:\xampp\htdocs\k-nn\system\CodeIgniter.php(919): App\Controllers\Home->index()
#8 C:\xampp\htdocs\k-nn\system\CodeIgniter.php(494): CodeIgniter\CodeIgniter->runController(Object(App\Controllers\Home))
#9 C:\xampp\htdocs\k-nn\system\CodeIgniter.php(353): CodeIgniter\CodeIgniter->handleRequest(NULL, Object(Config\Cache), false)
#10 C:\xampp\htdocs\k-nn\public\index.php(79): CodeIgniter\CodeIgniter->run()
#11 C:\xampp\htdocs\k-nn\system\Commands\Server\rewrite.php(47): require_once('C:\\xampp\\htdocs...')
#12 {main}
CRITICAL - 2023-12-27 02:57:27 --> Unable to connect to the database.
Main connection [MySQLi]: No connection could be made because the target machine actively refused it.

in SYSTEMPATH\Database\BaseConnection.php on line 427.
 1 SYSTEMPATH\Database\BaseConnection.php(574): CodeIgniter\Database\BaseConnection->initialize()
 2 SYSTEMPATH\Database\BaseBuilder.php(1615): CodeIgniter\Database\BaseConnection->query('SELECT `dataset`.`iddataset`, `dataset`.`sepal_length`, `dataset`.`sepal_width`, `petal_length`, `petal_width`, `kelas`.`kelas`, `jenisdata`.`jenis`
FROM `dataset`
JOIN `kelas` ON `kelas`.`idkelas` = `dataset`.`idkelas`
JOIN `jenisdata` ON `jenisdata`.`idjenis` = `dataset`.`idjenis`
WHERE `jenisdata`.`idjenis` = :jenisdata.idjenis:', [...], false)
 3 SYSTEMPATH\Model.php(237): CodeIgniter\Database\BaseBuilder->get()
 4 SYSTEMPATH\BaseModel.php(624): CodeIgniter\Model->doFindAll(0, 0)
 5 APPPATH\Models\DatasetModel.php(47): CodeIgniter\BaseModel->findAll()
 6 APPPATH\Controllers\Home.php(24): App\Models\DatasetModel->getDataWithKelass()
 7 SYSTEMPATH\CodeIgniter.php(919): App\Controllers\Home->index()
 8 SYSTEMPATH\CodeIgniter.php(494): CodeIgniter\CodeIgniter->runController(Object(App\Controllers\Home))
 9 SYSTEMPATH\CodeIgniter.php(353): CodeIgniter\CodeIgniter->handleRequest(null, Object(Config\Cache), false)
10 FCPATH\index.php(79): CodeIgniter\CodeIgniter->run()
11 SYSTEMPATH\Commands\Server\rewrite.php(47): require_once('C:\\xampp\\htdocs\\k-nn\\public\\index.php')
ERROR - 2023-12-27 15:33:39 --> Error connecting to the database: mysqli_sql_exception: Unknown database 'datamining_knn' in C:\Users\BATUAH.TECH\Documents\Datamining\Tugas-datamining\system\Database\MySQLi\Connection.php:185
Stack trace:
#0 C:\Users\BATUAH.TECH\Documents\Datamining\Tugas-datamining\system\Database\MySQLi\Connection.php(185): mysqli->real_connect('localhost', 'root', '', 'datamining_knn', 3306, '', 0)
#1 C:\Users\BATUAH.TECH\Documents\Datamining\Tugas-datamining\system\Database\BaseConnection.php(391): CodeIgniter\Database\MySQLi\Connection->connect(false)
#2 C:\Users\BATUAH.TECH\Documents\Datamining\Tugas-datamining\system\Database\BaseConnection.php(574): CodeIgniter\Database\BaseConnection->initialize()
#3 C:\Users\BATUAH.TECH\Documents\Datamining\Tugas-datamining\system\Database\BaseBuilder.php(1615): CodeIgniter\Database\BaseConnection->query('SELECT `dataset...', Array, false)
#4 C:\Users\BATUAH.TECH\Documents\Datamining\Tugas-datamining\system\Model.php(237): CodeIgniter\Database\BaseBuilder->get()
#5 C:\Users\BATUAH.TECH\Documents\Datamining\Tugas-datamining\system\BaseModel.php(624): CodeIgniter\Model->doFindAll(0, 0)
#6 C:\Users\BATUAH.TECH\Documents\Datamining\Tugas-datamining\app\Models\DatasetModel.php(47): CodeIgniter\BaseModel->findAll()
#7 C:\Users\BATUAH.TECH\Documents\Datamining\Tugas-datamining\app\Controllers\Home.php(24): App\Models\DatasetModel->getDataWithKelass()
#8 C:\Users\BATUAH.TECH\Documents\Datamining\Tugas-datamining\system\CodeIgniter.php(919): App\Controllers\Home->index()
#9 C:\Users\BATUAH.TECH\Documents\Datamining\Tugas-datamining\system\CodeIgniter.php(494): CodeIgniter\CodeIgniter->runController(Object(App\Controllers\Home))
#10 C:\Users\BATUAH.TECH\Documents\Datamining\Tugas-datamining\system\CodeIgniter.php(353): CodeIgniter\CodeIgniter->handleRequest(NULL, Object(Config\Cache), false)
#11 C:\Users\BATUAH.TECH\Documents\Datamining\Tugas-datamining\public\index.php(79): CodeIgniter\CodeIgniter->run()
#12 C:\Users\BATUAH.TECH\Documents\Datamining\Tugas-datamining\system\Commands\Server\rewrite.php(47): require_once('C:\\Users\\BATUAH...')
#13 {main}

Next CodeIgniter\Database\Exceptions\DatabaseException: Unknown database 'datamining_knn' in C:\Users\BATUAH.TECH\Documents\Datamining\Tugas-datamining\system\Database\MySQLi\Connection.php:229
Stack trace:
#0 C:\Users\BATUAH.TECH\Documents\Datamining\Tugas-datamining\system\Database\BaseConnection.php(391): CodeIgniter\Database\MySQLi\Connection->connect(false)
#1 C:\Users\BATUAH.TECH\Documents\Datamining\Tugas-datamining\system\Database\BaseConnection.php(574): CodeIgniter\Database\BaseConnection->initialize()
#2 C:\Users\BATUAH.TECH\Documents\Datamining\Tugas-datamining\system\Database\BaseBuilder.php(1615): CodeIgniter\Database\BaseConnection->query('SELECT `dataset...', Array, false)
#3 C:\Users\BATUAH.TECH\Documents\Datamining\Tugas-datamining\system\Model.php(237): CodeIgniter\Database\BaseBuilder->get()
#4 C:\Users\BATUAH.TECH\Documents\Datamining\Tugas-datamining\system\BaseModel.php(624): CodeIgniter\Model->doFindAll(0, 0)
#5 C:\Users\BATUAH.TECH\Documents\Datamining\Tugas-datamining\app\Models\DatasetModel.php(47): CodeIgniter\BaseModel->findAll()
#6 C:\Users\BATUAH.TECH\Documents\Datamining\Tugas-datamining\app\Controllers\Home.php(24): App\Models\DatasetModel->getDataWithKelass()
#7 C:\Users\BATUAH.TECH\Documents\Datamining\Tugas-datamining\system\CodeIgniter.php(919): App\Controllers\Home->index()
#8 C:\Users\BATUAH.TECH\Documents\Datamining\Tugas-datamining\system\CodeIgniter.php(494): CodeIgniter\CodeIgniter->runController(Object(App\Controllers\Home))
#9 C:\Users\BATUAH.TECH\Documents\Datamining\Tugas-datamining\system\CodeIgniter.php(353): CodeIgniter\CodeIgniter->handleRequest(NULL, Object(Config\Cache), false)
#10 C:\Users\BATUAH.TECH\Documents\Datamining\Tugas-datamining\public\index.php(79): CodeIgniter\CodeIgniter->run()
#11 C:\Users\BATUAH.TECH\Documents\Datamining\Tugas-datamining\system\Commands\Server\rewrite.php(47): require_once('C:\\Users\\BATUAH...')
#12 {main}
CRITICAL - 2023-12-27 15:33:39 --> Unable to connect to the database.
Main connection [MySQLi]: Unknown database 'datamining_knn'
in SYSTEMPATH\Database\BaseConnection.php on line 427.
 1 SYSTEMPATH\Database\BaseConnection.php(574): CodeIgniter\Database\BaseConnection->initialize()
 2 SYSTEMPATH\Database\BaseBuilder.php(1615): CodeIgniter\Database\BaseConnection->query('SELECT `dataset`.`iddataset`, `dataset`.`sepal_length`, `dataset`.`sepal_width`, `petal_length`, `petal_width`, `kelas`.`kelas`, `jenisdata`.`jenis`
FROM `dataset`
JOIN `kelas` ON `kelas`.`idkelas` = `dataset`.`idkelas`
JOIN `jenisdata` ON `jenisdata`.`idjenis` = `dataset`.`idjenis`
WHERE `jenisdata`.`idjenis` = :jenisdata.idjenis:', [...], false)
 3 SYSTEMPATH\Model.php(237): CodeIgniter\Database\BaseBuilder->get()
 4 SYSTEMPATH\BaseModel.php(624): CodeIgniter\Model->doFindAll(0, 0)
 5 APPPATH\Models\DatasetModel.php(47): CodeIgniter\BaseModel->findAll()
 6 APPPATH\Controllers\Home.php(24): App\Models\DatasetModel->getDataWithKelass()
 7 SYSTEMPATH\CodeIgniter.php(919): App\Controllers\Home->index()
 8 SYSTEMPATH\CodeIgniter.php(494): CodeIgniter\CodeIgniter->runController(Object(App\Controllers\Home))
 9 SYSTEMPATH\CodeIgniter.php(353): CodeIgniter\CodeIgniter->handleRequest(null, Object(Config\Cache), false)
10 FCPATH\index.php(79): CodeIgniter\CodeIgniter->run()
11 SYSTEMPATH\Commands\Server\rewrite.php(47): require_once('C:\\Users\\BATUAH.TECH\\Documents\\Datamining\\Tugas-datamining\\public\\index.php')
ERROR - 2023-12-27 15:35:12 --> mysqli_sql_exception: Unknown column 'petal_length' in 'field list' in C:\Users\BATUAH.TECH\Documents\Datamining\Tugas-datamining\system\Database\MySQLi\Connection.php:306
Stack trace:
#0 C:\Users\BATUAH.TECH\Documents\Datamining\Tugas-datamining\system\Database\MySQLi\Connection.php(306): mysqli->query('SELECT `dataset...', 0)
#1 C:\Users\BATUAH.TECH\Documents\Datamining\Tugas-datamining\system\Database\BaseConnection.php(692): CodeIgniter\Database\MySQLi\Connection->execute('SELECT `dataset...')
#2 C:\Users\BATUAH.TECH\Documents\Datamining\Tugas-datamining\system\Database\BaseConnection.php(606): CodeIgniter\Database\BaseConnection->simpleQuery('SELECT `dataset...')
#3 C:\Users\BATUAH.TECH\Documents\Datamining\Tugas-datamining\system\Database\BaseBuilder.php(1615): CodeIgniter\Database\BaseConnection->query('SELECT `dataset...', Array, false)
#4 C:\Users\BATUAH.TECH\Documents\Datamining\Tugas-datamining\system\Model.php(237): CodeIgniter\Database\BaseBuilder->get()
#5 C:\Users\BATUAH.TECH\Documents\Datamining\Tugas-datamining\system\BaseModel.php(624): CodeIgniter\Model->doFindAll(0, 0)
#6 C:\Users\BATUAH.TECH\Documents\Datamining\Tugas-datamining\app\Models\DatasetModel.php(47): CodeIgniter\BaseModel->findAll()
#7 C:\Users\BATUAH.TECH\Documents\Datamining\Tugas-datamining\app\Controllers\Home.php(24): App\Models\DatasetModel->getDataWithKelass()
#8 C:\Users\BATUAH.TECH\Documents\Datamining\Tugas-datamining\system\CodeIgniter.php(919): App\Controllers\Home->index()
#9 C:\Users\BATUAH.TECH\Documents\Datamining\Tugas-datamining\system\CodeIgniter.php(494): CodeIgniter\CodeIgniter->runController(Object(App\Controllers\Home))
#10 C:\Users\BATUAH.TECH\Documents\Datamining\Tugas-datamining\system\CodeIgniter.php(353): CodeIgniter\CodeIgniter->handleRequest(NULL, Object(Config\Cache), false)
#11 C:\Users\BATUAH.TECH\Documents\Datamining\Tugas-datamining\public\index.php(79): CodeIgniter\CodeIgniter->run()
#12 C:\Users\BATUAH.TECH\Documents\Datamining\Tugas-datamining\system\Commands\Server\rewrite.php(47): require_once('C:\\Users\\BATUAH...')
#13 {main}
CRITICAL - 2023-12-27 15:35:12 --> Unknown column 'petal_length' in 'field list'
in SYSTEMPATH\Database\BaseConnection.php on line 646.
 1 SYSTEMPATH\Database\BaseBuilder.php(1615): CodeIgniter\Database\BaseConnection->query('SELECT `dataset`.`iddataset`, `dataset`.`sepal_length`, `dataset`.`sepal_width`, `petal_length`, `petal_width`, `kelas`.`kelas`, `jenisdata`.`jenis`
FROM `dataset`
JOIN `kelas` ON `kelas`.`idkelas` = `dataset`.`idkelas`
JOIN `jenisdata` ON `jenisdata`.`idjenis` = `dataset`.`idjenis`
WHERE `jenisdata`.`idjenis` = :jenisdata.idjenis:', [...], false)
 2 SYSTEMPATH\Model.php(237): CodeIgniter\Database\BaseBuilder->get()
 3 SYSTEMPATH\BaseModel.php(624): CodeIgniter\Model->doFindAll(0, 0)
 4 APPPATH\Models\DatasetModel.php(47): CodeIgniter\BaseModel->findAll()
 5 APPPATH\Controllers\Home.php(24): App\Models\DatasetModel->getDataWithKelass()
 6 SYSTEMPATH\CodeIgniter.php(919): App\Controllers\Home->index()
 7 SYSTEMPATH\CodeIgniter.php(494): CodeIgniter\CodeIgniter->runController(Object(App\Controllers\Home))
 8 SYSTEMPATH\CodeIgniter.php(353): CodeIgniter\CodeIgniter->handleRequest(null, Object(Config\Cache), false)
 9 FCPATH\index.php(79): CodeIgniter\CodeIgniter->run()
10 SYSTEMPATH\Commands\Server\rewrite.php(47): require_once('C:\\Users\\BATUAH.TECH\\Documents\\Datamining\\Tugas-datamining\\public\\index.php')
CRITICAL - 2023-12-27 15:50:04 --> Undefined array key "data"
in APPPATH\Views\k-mean\index.php on line 12.
 1 APPPATH\Views\k-mean\index.php(12): CodeIgniter\Debug\Exceptions->errorHandler(2, 'Undefined array key "data"', 'C:\\Users\\BATUAH.TECH\\Documents\\Datamining\\Tugas-datamining\\app\\Views\\k-mean\\index.php', 12)
 2 SYSTEMPATH\View\View.php(226): include('C:\\Users\\BATUAH.TECH\\Documents\\Datamining\\Tugas-datamining\\app\\Views\\k-mean\\index.php')
 3 SYSTEMPATH\View\View.php(229): CodeIgniter\View\View->CodeIgniter\View\{closure}()
 4 SYSTEMPATH\Common.php(1188): CodeIgniter\View\View->render('k-mean/index', [], true)
 5 APPPATH\Controllers\Kmean.php(18): view('k-mean/index')
 6 SYSTEMPATH\CodeIgniter.php(919): App\Controllers\Kmean->index()
 7 SYSTEMPATH\CodeIgniter.php(494): CodeIgniter\CodeIgniter->runController(Object(App\Controllers\Kmean))
 8 SYSTEMPATH\CodeIgniter.php(353): CodeIgniter\CodeIgniter->handleRequest(null, Object(Config\Cache), false)
 9 FCPATH\index.php(79): CodeIgniter\CodeIgniter->run()
10 SYSTEMPATH\Commands\Server\rewrite.php(47): require_once('C:\\Users\\BATUAH.TECH\\Documents\\Datamining\\Tugas-datamining\\public\\index.php')
CRITICAL - 2023-12-27 15:56:35 --> Undefined array key "data"
in APPPATH\Views\k-mean\index.php on line 5.
 1 APPPATH\Views\k-mean\index.php(5): CodeIgniter\Debug\Exceptions->errorHandler(2, 'Undefined array key "data"', 'C:\\Users\\BATUAH.TECH\\Documents\\Datamining\\Tugas-datamining\\app\\Views\\k-mean\\index.php', 5)
 2 SYSTEMPATH\View\View.php(226): include('C:\\Users\\BATUAH.TECH\\Documents\\Datamining\\Tugas-datamining\\app\\Views\\k-mean\\index.php')
 3 SYSTEMPATH\View\View.php(229): CodeIgniter\View\View->CodeIgniter\View\{closure}()
 4 SYSTEMPATH\Common.php(1188): CodeIgniter\View\View->render('k-mean/index', [], true)
 5 APPPATH\Controllers\Kmean.php(18): view('k-mean/index')
 6 SYSTEMPATH\CodeIgniter.php(919): App\Controllers\Kmean->index()
 7 SYSTEMPATH\CodeIgniter.php(494): CodeIgniter\CodeIgniter->runController(Object(App\Controllers\Kmean))
 8 SYSTEMPATH\CodeIgniter.php(353): CodeIgniter\CodeIgniter->handleRequest(null, Object(Config\Cache), false)
 9 FCPATH\index.php(79): CodeIgniter\CodeIgniter->run()
10 SYSTEMPATH\Commands\Server\rewrite.php(47): require_once('C:\\Users\\BATUAH.TECH\\Documents\\Datamining\\Tugas-datamining\\public\\index.php')
CRITICAL - 2023-12-27 16:03:18 --> Undefined array key 3
in APPPATH\Views\k-mean\index.php on line 12.
 1 APPPATH\Views\k-mean\index.php(12): CodeIgniter\Debug\Exceptions->errorHandler(2, 'Undefined array key 3', 'C:\\Users\\BATUAH.TECH\\Documents\\Datamining\\Tugas-datamining\\app\\Views\\k-mean\\index.php', 12)
 2 SYSTEMPATH\View\View.php(226): include('C:\\Users\\BATUAH.TECH\\Documents\\Datamining\\Tugas-datamining\\app\\Views\\k-mean\\index.php')
 3 SYSTEMPATH\View\View.php(229): CodeIgniter\View\View->CodeIgniter\View\{closure}()
 4 SYSTEMPATH\Common.php(1188): CodeIgniter\View\View->render('k-mean/index', [], true)
 5 APPPATH\Controllers\Kmean.php(18): view('k-mean/index')
 6 SYSTEMPATH\CodeIgniter.php(919): App\Controllers\Kmean->index()
 7 SYSTEMPATH\CodeIgniter.php(494): CodeIgniter\CodeIgniter->runController(Object(App\Controllers\Kmean))
 8 SYSTEMPATH\CodeIgniter.php(353): CodeIgniter\CodeIgniter->handleRequest(null, Object(Config\Cache), false)
 9 FCPATH\index.php(79): CodeIgniter\CodeIgniter->run()
10 SYSTEMPATH\Commands\Server\rewrite.php(47): require_once('C:\\Users\\BATUAH.TECH\\Documents\\Datamining\\Tugas-datamining\\public\\index.php')
CRITICAL - 2023-12-27 16:07:57 --> Undefined variable $lng
in APPPATH\Views\k-mean\index.php on line 24.
 1 APPPATH\Views\k-mean\index.php(24): CodeIgniter\Debug\Exceptions->errorHandler(2, 'Undefined variable $lng', 'C:\\Users\\BATUAH.TECH\\Documents\\Datamining\\Tugas-datamining\\app\\Views\\k-mean\\index.php', 24)
 2 SYSTEMPATH\View\View.php(226): include('C:\\Users\\BATUAH.TECH\\Documents\\Datamining\\Tugas-datamining\\app\\Views\\k-mean\\index.php')
 3 SYSTEMPATH\View\View.php(229): CodeIgniter\View\View->CodeIgniter\View\{closure}()
 4 SYSTEMPATH\Common.php(1188): CodeIgniter\View\View->render('k-mean/index', [], true)
 5 APPPATH\Controllers\Kmean.php(18): view('k-mean/index')
 6 SYSTEMPATH\CodeIgniter.php(919): App\Controllers\Kmean->index()
 7 SYSTEMPATH\CodeIgniter.php(494): CodeIgniter\CodeIgniter->runController(Object(App\Controllers\Kmean))
 8 SYSTEMPATH\CodeIgniter.php(353): CodeIgniter\CodeIgniter->handleRequest(null, Object(Config\Cache), false)
 9 FCPATH\index.php(79): CodeIgniter\CodeIgniter->run()
10 SYSTEMPATH\Commands\Server\rewrite.php(47): require_once('C:\\Users\\BATUAH.TECH\\Documents\\Datamining\\Tugas-datamining\\public\\index.php')
CRITICAL - 2023-12-27 16:07:59 --> Undefined variable $lng
in APPPATH\Views\k-mean\index.php on line 24.
 1 APPPATH\Views\k-mean\index.php(24): CodeIgniter\Debug\Exceptions->errorHandler(2, 'Undefined variable $lng', 'C:\\Users\\BATUAH.TECH\\Documents\\Datamining\\Tugas-datamining\\app\\Views\\k-mean\\index.php', 24)
 2 SYSTEMPATH\View\View.php(226): include('C:\\Users\\BATUAH.TECH\\Documents\\Datamining\\Tugas-datamining\\app\\Views\\k-mean\\index.php')
 3 SYSTEMPATH\View\View.php(229): CodeIgniter\View\View->CodeIgniter\View\{closure}()
 4 SYSTEMPATH\Common.php(1188): CodeIgniter\View\View->render('k-mean/index', [], true)
 5 APPPATH\Controllers\Kmean.php(18): view('k-mean/index')
 6 SYSTEMPATH\CodeIgniter.php(919): App\Controllers\Kmean->index()
 7 SYSTEMPATH\CodeIgniter.php(494): CodeIgniter\CodeIgniter->runController(Object(App\Controllers\Kmean))
 8 SYSTEMPATH\CodeIgniter.php(353): CodeIgniter\CodeIgniter->handleRequest(null, Object(Config\Cache), false)
 9 FCPATH\index.php(79): CodeIgniter\CodeIgniter->run()
10 SYSTEMPATH\Commands\Server\rewrite.php(47): require_once('C:\\Users\\BATUAH.TECH\\Documents\\Datamining\\Tugas-datamining\\public\\index.php')
CRITICAL - 2023-12-27 16:08:24 --> Undefined variable $k
in APPPATH\Views\k-mean\index.php on line 24.
 1 APPPATH\Views\k-mean\index.php(24): CodeIgniter\Debug\Exceptions->errorHandler(2, 'Undefined variable $k', 'C:\\Users\\BATUAH.TECH\\Documents\\Datamining\\Tugas-datamining\\app\\Views\\k-mean\\index.php', 24)
 2 SYSTEMPATH\View\View.php(226): include('C:\\Users\\BATUAH.TECH\\Documents\\Datamining\\Tugas-datamining\\app\\Views\\k-mean\\index.php')
 3 SYSTEMPATH\View\View.php(229): CodeIgniter\View\View->CodeIgniter\View\{closure}()
 4 SYSTEMPATH\Common.php(1188): CodeIgniter\View\View->render('k-mean/index', [], true)
 5 APPPATH\Controllers\Kmean.php(18): view('k-mean/index')
 6 SYSTEMPATH\CodeIgniter.php(919): App\Controllers\Kmean->index()
 7 SYSTEMPATH\CodeIgniter.php(494): CodeIgniter\CodeIgniter->runController(Object(App\Controllers\Kmean))
 8 SYSTEMPATH\CodeIgniter.php(353): CodeIgniter\CodeIgniter->handleRequest(null, Object(Config\Cache), false)
 9 FCPATH\index.php(79): CodeIgniter\CodeIgniter->run()
10 SYSTEMPATH\Commands\Server\rewrite.php(47): require_once('C:\\Users\\BATUAH.TECH\\Documents\\Datamining\\Tugas-datamining\\public\\index.php')
